# JRE version: Java(TM) SE Runtime Environment (8.0_162-b12) (build 1.8.0_162-b12)
# Java VM: Java HotSpot(TM) 64-Bit Server VM (25.162-b12 mixed mode windows-amd64 compressed oops)
Heap:
 PSYoungGen      total 326144K, used 87239K [0x00000000d5b80000, 0x00000000f3700000, 0x0000000100000000)
  eden space 312832K, 23% used [0x00000000d5b80000,0x00000000da3b58a8,0x00000000e8d00000)
  from space 13312K, 99% used [0x00000000e8d00000,0x00000000e99fc3a0,0x00000000e9a00000)
  to   space 14848K, 0% used [0x00000000f2880000,0x00000000f2880000,0x00000000f3700000)
 ParOldGen       total 74240K, used 19498K [0x0000000081200000, 0x0000000085a80000, 0x00000000d5b80000)
  object space 74240K, 26% used [0x0000000081200000,0x000000008250aa20,0x0000000085a80000)
 Metaspace       used 42668K, capacity 43308K, committed 43520K, reserved 1087488K
  class space    used 5419K, capacity 5612K, committed 5632K, reserved 1048576K
GC Heap History (10 events):
Event: 8.907 GC heap before
{Heap before GC invocations=9 (full 1):
 PSYoungGen      total 142848K, used 138965K [0x00000000d5b80000, 0x00000000e4e80000, 0x0000000100000000)
  eden space 133120K, 100% used [0x00000000d5b80000,0x00000000ddd80000,0x00000000ddd80000)
  from space 9728K, 60% used [0x00000000ddd80000,0x00000000de335538,0x00000000de700000)
  to   space 9216K, 0% used [0x00000000e4580000,0x00000000e4580000,0x00000000e4e80000)
 ParOldGen       total 55808K, used 10010K [0x0000000081200000, 0x0000000084880000, 0x00000000d5b80000)
  object space 55808K, 17% used [0x0000000081200000,0x0000000081bc6ac0,0x0000000084880000)
 Metaspace       used 28153K, capacity 28672K, committed 28928K, reserved 1075200K
  class space    used 3633K, capacity 3732K, committed 3840K, reserved 1048576K
Event: 8.919 GC heap after
Heap after GC invocations=9 (full 1):
 PSYoungGen      total 233984K, used 9134K [0x00000000d5b80000, 0x00000000e4e80000, 0x0000000100000000)
  eden space 224768K, 0% used [0x00000000d5b80000,0x00000000d5b80000,0x00000000e3700000)
  from space 9216K, 99% used [0x00000000e4580000,0x00000000e4e6b8d8,0x00000000e4e80000)
  to   space 10240K, 0% used [0x00000000e3a80000,0x00000000e3a80000,0x00000000e4480000)
 ParOldGen       total 55808K, used 10018K [0x0000000081200000, 0x0000000084880000, 0x00000000d5b80000)
  object space 55808K, 17% used [0x0000000081200000,0x0000000081bc8ac0,0x0000000084880000)
 Metaspace       used 28153K, capacity 28672K, committed 28928K, reserved 1075200K
  class space    used 3633K, capacity 3732K, committed 3840K, reserved 1048576K
}
Event: 10.986 GC heap before
{Heap before GC invocations=10 (full 1):
 PSYoungGen      total 233984K, used 233902K [0x00000000d5b80000, 0x00000000e4e80000, 0x0000000100000000)
  eden space 224768K, 100% used [0x00000000d5b80000,0x00000000e3700000,0x00000000e3700000)
  from space 9216K, 99% used [0x00000000e4580000,0x00000000e4e6b8d8,0x00000000e4e80000)
  to   space 10240K, 0% used [0x00000000e3a80000,0x00000000e3a80000,0x00000000e4480000)
 ParOldGen       total 55808K, used 10018K [0x0000000081200000, 0x0000000084880000, 0x00000000d5b80000)
  object space 55808K, 17% used [0x0000000081200000,0x0000000081bc8ac0,0x0000000084880000)
 Metaspace       used 34518K, capacity 35072K, committed 35328K, reserved 1079296K
  class space    used 4391K, capacity 4557K, committed 4608K, reserved 1048576K
Event: 11.011 GC heap after
Heap after GC invocations=10 (full 1):
 PSYoungGen      total 238592K, used 10231K [0x00000000d5b80000, 0x00000000ea700000, 0x0000000100000000)
  eden space 228352K, 0% used [0x00000000d5b80000,0x00000000d5b80000,0x00000000e3a80000)
  from space 10240K, 99% used [0x00000000e3a80000,0x00000000e447ddf0,0x00000000e4480000)
  to   space 13312K, 0% used [0x00000000e9a00000,0x00000000e9a00000,0x00000000ea700000)
 ParOldGen       total 55808K, used 15162K [0x0000000081200000, 0x0000000084880000, 0x00000000d5b80000)
  object space 55808K, 27% used [0x0000000081200000,0x00000000820cea50,0x0000000084880000)
 Metaspace       used 34518K, capacity 35072K, committed 35328K, reserved 1079296K
  class space    used 4391K, capacity 4557K, committed 4608K, reserved 1048576K
}
Event: 11.146 GC heap before
{Heap before GC invocations=11 (full 1):
 PSYoungGen      total 238592K, used 29868K [0x00000000d5b80000, 0x00000000ea700000, 0x0000000100000000)
  eden space 228352K, 8% used [0x00000000d5b80000,0x00000000d6ead550,0x00000000e3a80000)
  from space 10240K, 99% used [0x00000000e3a80000,0x00000000e447ddf0,0x00000000e4480000)
  to   space 13312K, 0% used [0x00000000e9a00000,0x00000000e9a00000,0x00000000ea700000)
 ParOldGen       total 55808K, used 15162K [0x0000000081200000, 0x0000000084880000, 0x00000000d5b80000)
  object space 55808K, 27% used [0x0000000081200000,0x00000000820cea50,0x0000000084880000)
 Metaspace       used 34745K, capacity 35238K, committed 35416K, reserved 1081344K
  class space    used 4436K, capacity 4590K, committed 4608K, reserved 1048576K
Event: 11.210 GC heap after
Heap after GC invocations=11 (full 1):
 PSYoungGen      total 326144K, used 6304K [0x00000000d5b80000, 0x00000000ecb00000, 0x0000000100000000)
  eden space 312832K, 0% used [0x00000000d5b80000,0x00000000d5b80000,0x00000000e8d00000)
  from space 13312K, 47% used [0x00000000e9a00000,0x00000000ea028030,0x00000000ea700000)
  to   space 13312K, 0% used [0x00000000e8d00000,0x00000000e8d00000,0x00000000e9a00000)
 ParOldGen       total 55808K, used 20034K [0x0000000081200000, 0x0000000084880000, 0x00000000d5b80000)
  object space 55808K, 35% used [0x0000000081200000,0x00000000825908d0,0x0000000084880000)
 Metaspace       used 34745K, capacity 35238K, committed 35416K, reserved 1081344K
  class space    used 4436K, capacity 4590K, committed 4608K, reserved 1048576K
}
Event: 11.210 GC heap before
{Heap before GC invocations=12 (full 2):
 PSYoungGen      total 326144K, used 6304K [0x00000000d5b80000, 0x00000000ecb00000, 0x0000000100000000)
  eden space 312832K, 0% used [0x00000000d5b80000,0x00000000d5b80000,0x00000000e8d00000)
  from space 13312K, 47% used [0x00000000e9a00000,0x00000000ea028030,0x00000000ea700000)
  to   space 13312K, 0% used [0x00000000e8d00000,0x00000000e8d00000,0x00000000e9a00000)
 ParOldGen       total 55808K, used 20034K [0x0000000081200000, 0x0000000084880000, 0x00000000d5b80000)
  object space 55808K, 35% used [0x0000000081200000,0x00000000825908d0,0x0000000084880000)
 Metaspace       used 34745K, capacity 35238K, committed 35416K, reserved 1081344K
  class space    used 4436K, capacity 4590K, committed 4608K, reserved 1048576K
Event: 11.366 GC heap after
Heap after GC invocations=12 (full 2):
 PSYoungGen      total 326144K, used 0K [0x00000000d5b80000, 0x00000000ecb00000, 0x0000000100000000)
  eden space 312832K, 0% used [0x00000000d5b80000,0x00000000d5b80000,0x00000000e8d00000)
  from space 13312K, 0% used [0x00000000e9a00000,0x00000000e9a00000,0x00000000ea700000)
  to   space 13312K, 0% used [0x00000000e8d00000,0x00000000e8d00000,0x00000000e9a00000)
 ParOldGen       total 74240K, used 19066K [0x0000000081200000, 0x0000000085a80000, 0x00000000d5b80000)
  object space 74240K, 25% used [0x0000000081200000,0x000000008249ea38,0x0000000085a80000)
 Metaspace       used 34738K, capacity 35226K, committed 35416K, reserved 1081344K
  class space    used 4435K, capacity 4588K, committed 4608K, reserved 1048576K
}
Event: 170.024 GC heap before
{Heap before GC invocations=13 (full 2):
 PSYoungGen      total 326144K, used 312832K [0x00000000d5b80000, 0x00000000ecb00000, 0x0000000100000000)
  eden space 312832K, 100% used [0x00000000d5b80000,0x00000000e8d00000,0x00000000e8d00000)
  from space 13312K, 0% used [0x00000000e9a00000,0x00000000e9a00000,0x00000000ea700000)
  to   space 13312K, 0% used [0x00000000e8d00000,0x00000000e8d00000,0x00000000e9a00000)
 ParOldGen       total 74240K, used 19066K [0x0000000081200000, 0x0000000085a80000, 0x00000000d5b80000)
  object space 74240K, 25% used [0x0000000081200000,0x000000008249ea38,0x0000000085a80000)
 Metaspace       used 42647K, capacity 43308K, committed 43520K, reserved 1087488K
  class space    used 5416K, capacity 5612K, committed 5632K, reserved 1048576K
Event: 170.039 GC heap after
Heap after GC invocations=13 (full 2):
 PSYoungGen      total 326144K, used 13296K [0x00000000d5b80000, 0x00000000f3700000, 0x0000000100000000)
  eden space 312832K, 0% used [0x00000000d5b80000,0x00000000d5b80000,0x00000000e8d00000)
  from space 13312K, 99% used [0x00000000e8d00000,0x00000000e99fc3a0,0x00000000e9a00000)
  to   space 14848K, 0% used [0x00000000f2880000,0x00000000f2880000,0x00000000f3700000)
 ParOldGen       total 74240K, used 19498K [0x0000000081200000, 0x0000000085a80000, 0x00000000d5b80000)
  object space 74240K, 26% used [0x0000000081200000,0x000000008250aa20,0x0000000085a80000)
 Metaspace       used 42647K, capacity 43308K, committed 43520K, reserved 1087488K
  class space    used 5416K, capacity 5612K, committed 5632K, reserved 1048576K
}

