# JRE version: Java(TM) SE Runtime Environment (8.0_162-b12) (build 1.8.0_162-b12)
# Java VM: Java HotSpot(TM) 64-Bit Server VM (25.162-b12 mixed mode windows-amd64 compressed oops)
Heap:
 PSYoungGen      total 279552K, used 62536K [0x00000000d5b80000, 0x00000000fa300000, 0x0000000100000000)
  eden space 273920K, 20% used [0x00000000d5b80000,0x00000000d93862c0,0x00000000e6700000)
  from space 5632K, 91% used [0x00000000f9d80000,0x00000000fa28c020,0x00000000fa300000)
  to   space 7680K, 0% used [0x00000000f9400000,0x00000000f9400000,0x00000000f9b80000)
 ParOldGen       total 82432K, used 24318K [0x0000000081200000, 0x0000000086280000, 0x00000000d5b80000)
  object space 82432K, 29% used [0x0000000081200000,0x00000000829bf8b8,0x0000000086280000)
 Metaspace       used 45597K, capacity 47522K, committed 47872K, reserved 1091584K
  class space    used 5774K, capacity 6344K, committed 6400K, reserved 1048576K
GC Heap History (10 events):
Event: 6754.903 GC heap before
{Heap before GC invocations=49 (full 13):
 PSYoungGen      total 344576K, used 344144K [0x00000000d5b80000, 0x00000000fae00000, 0x0000000100000000)
  eden space 338432K, 100% used [0x00000000d5b80000,0x00000000ea600000,0x00000000ea600000)
  from space 6144K, 92% used [0x00000000fa280000,0x00000000fa814040,0x00000000fa880000)
  to   space 5632K, 0% used [0x00000000fa880000,0x00000000fa880000,0x00000000fae00000)
 ParOldGen       total 82432K, used 24310K [0x0000000081200000, 0x0000000086280000, 0x00000000d5b80000)
  object space 82432K, 29% used [0x0000000081200000,0x00000000829bd8b8,0x0000000086280000)
 Metaspace       used 45597K, capacity 47522K, committed 47872K, reserved 1091584K
  class space    used 5774K, capacity 6344K, committed 6400K, reserved 1048576K
Event: 6754.915 GC heap after
Heap after GC invocations=49 (full 13):
 PSYoungGen      total 329728K, used 5568K [0x00000000d5b80000, 0x00000000fae00000, 0x0000000100000000)
  eden space 324096K, 0% used [0x00000000d5b80000,0x00000000d5b80000,0x00000000e9800000)
  from space 5632K, 98% used [0x00000000fa880000,0x00000000fadf0010,0x00000000fae00000)
  to   space 8192K, 0% used [0x00000000f9e00000,0x00000000f9e00000,0x00000000fa600000)
 ParOldGen       total 82432K, used 24318K [0x0000000081200000, 0x0000000086280000, 0x00000000d5b80000)
  object space 82432K, 29% used [0x0000000081200000,0x00000000829bf8b8,0x0000000086280000)
 Metaspace       used 45597K, capacity 47522K, committed 47872K, reserved 1091584K
  class space    used 5774K, capacity 6344K, committed 6400K, reserved 1048576K
}
Event: 6995.596 GC heap before
{Heap before GC invocations=50 (full 13):
 PSYoungGen      total 329728K, used 329664K [0x00000000d5b80000, 0x00000000fae00000, 0x0000000100000000)
  eden space 324096K, 100% used [0x00000000d5b80000,0x00000000e9800000,0x00000000e9800000)
  from space 5632K, 98% used [0x00000000fa880000,0x00000000fadf0010,0x00000000fae00000)
  to   space 8192K, 0% used [0x00000000f9e00000,0x00000000f9e00000,0x00000000fa600000)
 ParOldGen       total 82432K, used 24318K [0x0000000081200000, 0x0000000086280000, 0x00000000d5b80000)
  object space 82432K, 29% used [0x0000000081200000,0x00000000829bf8b8,0x0000000086280000)
 Metaspace       used 45597K, capacity 47522K, committed 47872K, reserved 1091584K
  class space    used 5774K, capacity 6344K, committed 6400K, reserved 1048576K
Event: 6995.618 GC heap after
Heap after GC invocations=50 (full 13):
 PSYoungGen      total 316416K, used 5200K [0x00000000d5b80000, 0x00000000fa900000, 0x0000000100000000)
  eden space 310784K, 0% used [0x00000000d5b80000,0x00000000d5b80000,0x00000000e8b00000)
  from space 5632K, 92% used [0x00000000f9e00000,0x00000000fa314020,0x00000000fa380000)
  to   space 5632K, 0% used [0x00000000fa380000,0x00000000fa380000,0x00000000fa900000)
 ParOldGen       total 82432K, used 24318K [0x0000000081200000, 0x0000000086280000, 0x00000000d5b80000)
  object space 82432K, 29% used [0x0000000081200000,0x00000000829bf8b8,0x0000000086280000)
 Metaspace       used 45597K, capacity 47522K, committed 47872K, reserved 1091584K
  class space    used 5774K, capacity 6344K, committed 6400K, reserved 1048576K
}
Event: 7227.669 GC heap before
{Heap before GC invocations=51 (full 13):
 PSYoungGen      total 316416K, used 315984K [0x00000000d5b80000, 0x00000000fa900000, 0x0000000100000000)
  eden space 310784K, 100% used [0x00000000d5b80000,0x00000000e8b00000,0x00000000e8b00000)
  from space 5632K, 92% used [0x00000000f9e00000,0x00000000fa314020,0x00000000fa380000)
  to   space 5632K, 0% used [0x00000000fa380000,0x00000000fa380000,0x00000000fa900000)
 ParOldGen       total 82432K, used 24318K [0x0000000081200000, 0x0000000086280000, 0x00000000d5b80000)
  object space 82432K, 29% used [0x0000000081200000,0x00000000829bf8b8,0x0000000086280000)
 Metaspace       used 45597K, capacity 47522K, committed 47872K, reserved 1091584K
  class space    used 5774K, capacity 6344K, committed 6400K, reserved 1048576K
Event: 7227.682 GC heap after
Heap after GC invocations=51 (full 13):
 PSYoungGen      total 303104K, used 4960K [0x00000000d5b80000, 0x00000000fa880000, 0x0000000100000000)
  eden space 297984K, 0% used [0x00000000d5b80000,0x00000000d5b80000,0x00000000e7e80000)
  from space 5120K, 96% used [0x00000000fa380000,0x00000000fa858010,0x00000000fa880000)
  to   space 8192K, 0% used [0x00000000f9880000,0x00000000f9880000,0x00000000fa080000)
 ParOldGen       total 82432K, used 24318K [0x0000000081200000, 0x0000000086280000, 0x00000000d5b80000)
  object space 82432K, 29% used [0x0000000081200000,0x00000000829bf8b8,0x0000000086280000)
 Metaspace       used 45597K, capacity 47522K, committed 47872K, reserved 1091584K
  class space    used 5774K, capacity 6344K, committed 6400K, reserved 1048576K
}
Event: 7449.587 GC heap before
{Heap before GC invocations=52 (full 13):
 PSYoungGen      total 303104K, used 302944K [0x00000000d5b80000, 0x00000000fa880000, 0x0000000100000000)
  eden space 297984K, 100% used [0x00000000d5b80000,0x00000000e7e80000,0x00000000e7e80000)
  from space 5120K, 96% used [0x00000000fa380000,0x00000000fa858010,0x00000000fa880000)
  to   space 8192K, 0% used [0x00000000f9880000,0x00000000f9880000,0x00000000fa080000)
 ParOldGen       total 82432K, used 24318K [0x0000000081200000, 0x0000000086280000, 0x00000000d5b80000)
  object space 82432K, 29% used [0x0000000081200000,0x00000000829bf8b8,0x0000000086280000)
 Metaspace       used 45597K, capacity 47522K, committed 47872K, reserved 1091584K
  class space    used 5774K, capacity 6344K, committed 6400K, reserved 1048576K
Event: 7449.595 GC heap after
Heap after GC invocations=52 (full 13):
 PSYoungGen      total 290816K, used 5072K [0x00000000d5b80000, 0x00000000fa400000, 0x0000000100000000)
  eden space 285696K, 0% used [0x00000000d5b80000,0x00000000d5b80000,0x00000000e7280000)
  from space 5120K, 99% used [0x00000000f9880000,0x00000000f9d74020,0x00000000f9d80000)
  to   space 6656K, 0% used [0x00000000f9d80000,0x00000000f9d80000,0x00000000fa400000)
 ParOldGen       total 82432K, used 24318K [0x0000000081200000, 0x0000000086280000, 0x00000000d5b80000)
  object space 82432K, 29% used [0x0000000081200000,0x00000000829bf8b8,0x0000000086280000)
 Metaspace       used 45597K, capacity 47522K, committed 47872K, reserved 1091584K
  class space    used 5774K, capacity 6344K, committed 6400K, reserved 1048576K
}
Event: 7661.596 GC heap before
{Heap before GC invocations=53 (full 13):
 PSYoungGen      total 290816K, used 290768K [0x00000000d5b80000, 0x00000000fa400000, 0x0000000100000000)
  eden space 285696K, 100% used [0x00000000d5b80000,0x00000000e7280000,0x00000000e7280000)
  from space 5120K, 99% used [0x00000000f9880000,0x00000000f9d74020,0x00000000f9d80000)
  to   space 6656K, 0% used [0x00000000f9d80000,0x00000000f9d80000,0x00000000fa400000)
 ParOldGen       total 82432K, used 24318K [0x0000000081200000, 0x0000000086280000, 0x00000000d5b80000)
  object space 82432K, 29% used [0x0000000081200000,0x00000000829bf8b8,0x0000000086280000)
 Metaspace       used 45597K, capacity 47522K, committed 47872K, reserved 1091584K
  class space    used 5774K, capacity 6344K, committed 6400K, reserved 1048576K
Event: 7661.602 GC heap after
Heap after GC invocations=53 (full 13):
 PSYoungGen      total 279552K, used 5168K [0x00000000d5b80000, 0x00000000fa300000, 0x0000000100000000)
  eden space 273920K, 0% used [0x00000000d5b80000,0x00000000d5b80000,0x00000000e6700000)
  from space 5632K, 91% used [0x00000000f9d80000,0x00000000fa28c020,0x00000000fa300000)
  to   space 7680K, 0% used [0x00000000f9400000,0x00000000f9400000,0x00000000f9b80000)
 ParOldGen       total 82432K, used 24318K [0x0000000081200000, 0x0000000086280000, 0x00000000d5b80000)
  object space 82432K, 29% used [0x0000000081200000,0x00000000829bf8b8,0x0000000086280000)
 Metaspace       used 45597K, capacity 47522K, committed 47872K, reserved 1091584K
  class space    used 5774K, capacity 6344K, committed 6400K, reserved 1048576K
}

